<?xml version="1.0" encoding="UTF-8"?>
<testsuite name="I as a user  want to see how the calculator works automatically" tests="1" skipped="0" failures="0" errors="0" timestamp="2020-06-24T16:14:54" hostname="LAPTOP-U0LFOLUR" time="1.3">
  <properties/>
  <testcase name="use the calculator" classname="I as a user  want to see how the calculator works automatically" time="1.3"/>
  <system-out><![CDATA[Abriendo app
entro try
entro try 2
entro try 3
C:\Users\victo\Documents\Choucair\Cursos\Automatizacion_Yeison\Capitulos\06ScreenplayDesktop\co.com.choucair.winappdriver.flightgui
entro try 4
entro try 5 
entro try 6
entro try 7
entro try 8
entro try 9C:\Program Files (x86)\Windows Application Driver\WinAppDriver.exe
entro try 10
given
Entro al when
se va del when
]]></system-out>
  <system-err><![CDATA[[Test worker] INFO net.thucydides.core.steps.ConsoleLoggingListener - 
        __    _____ _____ ____ _____   ____   _    ____  ____  _____ ____  
  _     \ \  |_   _| ____/ ___|_   _| |  _ \ / \  / ___|/ ___|| ____|  _ \ 
 (_)_____| |   | | |  _| \___ \ | |   | |_) / _ \ \___ \\___ \|  _| | | | |
  _|_____| |   | | | |___ ___) || |   |  __/ ___ \ ___) |___) | |___| |_| |
 (_)     | |   |_| |_____|____/ |_|   |_| /_/   \_\____/|____/|_____|____/ 
        /_/                                                                

TEST PASSED: use the calculator
----------------------------------------------------------------------------
]]></system-err>
</testsuite>
